0 silly argv {
0 silly argv   _: [ 'run' ],
0 silly argv   lernaVersion: '6.4.1',
0 silly argv   '$0': 'node_modules\\lerna\\cli.js',
0 silly argv   script: 'build'
0 silly argv }
1 notice cli v6.4.1
2 verbose rootPath C:\Users\nono\Documents\devhome\miroir-app
3 error JSONError: Unexpected token "'" (0x27) in JSON at position 1177 while parsing near "...id\": \"^9.0.0\",\r\n    'miroir-core':\"*\"\r\n ..." in packages\miroir-standalone-app\package.json
3 error
3 error   39 |     "util": "^0.12.5",
3 error   40 |     "uuid": "^9.0.0",
3 error > 41 |     'miroir-core':"*"
3 error      |     ^
3 error   42 |   },
3 error   43 |   "devDependencies": {
3 error   44 |     "@jest/globals": "^29.3.1",
3 error
3 error     at parseJson (C:\Users\nono\Documents\devhome\miroir-app\node_modules\parse-json\index.js:29:21)
3 error     at parse (C:\Users\nono\Documents\devhome\miroir-app\node_modules\load-json-file\index.js:15:9)
3 error     at module.exports (C:\Users\nono\Documents\devhome\miroir-app\node_modules\load-json-file\index.js:18:47)
